The system is: Linux - 5.15.0-177-generic - x86_64
Compiling the CXX compiler identification source file "CMakeCXXCompilerId.cpp" succeeded.
Compiler: /opt/rocm/bin/hipcc 
Build flags: 
Id flags:  

The output was:
0


Compilation of the CXX compiler identification source "CMakeCXXCompilerId.cpp" produced "a.out"

The CXX compiler identification is Clang, found in "/home/onnode/gemm_journey/build/CMakeFiles/3.22.1/CompilerIdCXX/a.out"

Detecting CXX compiler ABI info compiled with the following output:
Change Dir: /home/onnode/gemm_journey/build/CMakeFiles/CMakeTmp

Run Build Command(s):/usr/bin/gmake -f Makefile cmTC_542e8/fast && /usr/bin/gmake  -f CMakeFiles/cmTC_542e8.dir/build.make CMakeFiles/cmTC_542e8.dir/build
gmake[1]: Entering directory '/home/onnode/gemm_journey/build/CMakeFiles/CMakeTmp'
Building CXX object CMakeFiles/cmTC_542e8.dir/CMakeCXXCompilerABI.cpp.o
/opt/rocm/bin/hipcc   -v -MD -MT CMakeFiles/cmTC_542e8.dir/CMakeCXXCompilerABI.cpp.o -MF CMakeFiles/cmTC_542e8.dir/CMakeCXXCompilerABI.cpp.o.d -o CMakeFiles/cmTC_542e8.dir/CMakeCXXCompilerABI.cpp.o -c /usr/share/cmake-3.22/Modules/CMakeCXXCompilerABI.cpp
AMD clang version 22.0.0git (https://github.com/RadeonOpenCompute/llvm-project roc-7.2.1 26084 f58b06dce1f9c15707c5f808fd002e18c2accf7e)
Target: x86_64-unknown-linux-gnu
Thread model: posix
InstalledDir: /opt/rocm-7.2.1/lib/llvm/bin
Configuration file: /opt/rocm-7.2.1/lib/llvm/bin/clang++.cfg
Found candidate GCC installation: /usr/lib/gcc/x86_64-linux-gnu/11
Found candidate GCC installation: /usr/lib/gcc/x86_64-linux-gnu/12
Selected GCC installation: /usr/lib/gcc/x86_64-linux-gnu/12
Candidate multilib: .;@m64
Selected multilib: .;@m64
Found HIP installation: /opt/rocm-7.2.1/lib/llvm/bin/../../.., version 7.2.53211
 "/opt/rocm-7.2.1/lib/llvm/bin/clang-22" -cc1 -triple amdgcn-amd-amdhsa -aux-triple x86_64-unknown-linux-gnu -O3 -Werror=atomic-alignment -emit-obj -disable-free -clear-ast-before-backend -disable-llvm-verifier -discard-value-names -main-file-name CMakeCXXCompilerABI.cpp -mrelocation-model pic -pic-level 2 -fhalf-no-semantic-interposition -mframe-pointer=none -fno-rounding-math -mconstructor-aliases -aux-target-cpu x86-64 -fcuda-is-device -fno-threadsafe-statics -mllvm -amdgpu-internalize-symbols -fcuda-allow-variadic-functions -fvisibility=hidden -fapply-global-visibility-to-externs -mlink-builtin-bitcode /opt/rocm-7.2.1/lib/llvm/lib/clang/22/lib/amdgcn/bitcode/ocml.bc -mlink-builtin-bitcode /opt/rocm-7.2.1/lib/llvm/lib/clang/22/lib/amdgcn/bitcode/ockl.bc -mlink-builtin-bitcode /opt/rocm-7.2.1/lib/llvm/lib/clang/22/lib/amdgcn/bitcode/oclc_daz_opt_off.bc -mlink-builtin-bitcode /opt/rocm-7.2.1/lib/llvm/lib/clang/22/lib/amdgcn/bitcode/oclc_unsafe_math_off.bc -mlink-builtin-bitcode /opt/rocm-7.2.1/lib/llvm/lib/clang/22/lib/amdgcn/bitcode/oclc_finite_only_off.bc -mlink-builtin-bitcode /opt/rocm-7.2.1/lib/llvm/lib/clang/22/lib/amdgcn/bitcode/oclc_correctly_rounded_sqrt_on.bc -mlink-builtin-bitcode /opt/rocm-7.2.1/lib/llvm/lib/clang/22/lib/amdgcn/bitcode/oclc_wavefrontsize64_off.bc -mlink-builtin-bitcode /opt/rocm-7.2.1/lib/llvm/lib/clang/22/lib/amdgcn/bitcode/oclc_isa_version_1100.bc -mlink-builtin-bitcode /opt/rocm-7.2.1/lib/llvm/lib/clang/22/lib/amdgcn/bitcode/oclc_abi_version_600.bc -target-cpu gfx1100 -debugger-tuning=gdb -fdebug-compilation-dir=/home/onnode/gemm_journey/build/CMakeFiles/CMakeTmp -v -fcoverage-compilation-dir=/home/onnode/gemm_journey/build/CMakeFiles/CMakeTmp -resource-dir /opt/rocm-7.2.1/lib/llvm/lib/clang/22 -MT CMakeFiles/cmTC_542e8.dir/CMakeCXXCompilerABI.cpp.o -sys-header-deps -internal-isystem /opt/rocm-7.2.1/lib/llvm/lib/clang/22/include/cuda_wrappers -idirafter /opt/rocm-7.2.1/lib/llvm/bin/../../../include -include __clang_hip_runtime_wrapper.h -internal-isystem /usr/lib/gcc/x86_64-linux-gnu/12/../../../../include/c++/12 -internal-isystem /usr/lib/gcc/x86_64-linux-gnu/12/../../../../include/x86_64-linux-gnu/c++/12 -internal-isystem /usr/lib/gcc/x86_64-linux-gnu/12/../../../../include/c++/12/backward -internal-isystem /usr/lib/gcc/x86_64-linux-gnu/12/../../../../include/c++/12 -internal-isystem /usr/lib/gcc/x86_64-linux-gnu/12/../../../../include/x86_64-linux-gnu/c++/12 -internal-isystem /usr/lib/gcc/x86_64-linux-gnu/12/../../../../include/c++/12/backward -internal-isystem /opt/rocm-7.2.1/lib/llvm/lib/clang/22/include -internal-isystem /usr/local/include -internal-isystem /usr/lib/gcc/x86_64-linux-gnu/12/../../../../x86_64-linux-gnu/include -internal-externc-isystem /usr/include/x86_64-linux-gnu -internal-externc-isystem /include -internal-externc-isystem /usr/include -internal-isystem /opt/rocm-7.2.1/lib/llvm/lib/clang/22/include -internal-isystem /usr/local/include -internal-isystem /usr/lib/gcc/x86_64-linux-gnu/12/../../../../x86_64-linux-gnu/include -internal-externc-isystem /usr/include/x86_64-linux-gnu -internal-externc-isystem /include -internal-externc-isystem /usr/include -fdeprecated-macro -fno-autolink -ferror-limit 19 -fhip-new-launch-api -fgnuc-version=4.2.1 -fskip-odr-check-in-gmf -fcxx-exceptions -fexceptions -vectorize-loops -vectorize-slp -cuid=813354c68dea0248 -fcuda-allow-variadic-functions -faddrsig -D__GCC_HAVE_DWARF2_CFI_ASM=1 -o /tmp/CMakeCXXCompilerABI-gfx1100-46ec5d.o -x hip /usr/share/cmake-3.22/Modules/CMakeCXXCompilerABI.cpp
clang -cc1 version 22.0.0git based upon LLVM 22.0.0git default target x86_64-unknown-linux-gnu
ignoring nonexistent directory "/usr/lib/gcc/x86_64-linux-gnu/12/../../../../x86_64-linux-gnu/include"
ignoring nonexistent directory "/include"
ignoring nonexistent directory "/usr/lib/gcc/x86_64-linux-gnu/12/../../../../x86_64-linux-gnu/include"
ignoring nonexistent directory "/include"
ignoring duplicate directory "/usr/lib/gcc/x86_64-linux-gnu/12/../../../../include/c++/12"
ignoring duplicate directory "/usr/lib/gcc/x86_64-linux-gnu/12/../../../../include/x86_64-linux-gnu/c++/12"
ignoring duplicate directory "/usr/lib/gcc/x86_64-linux-gnu/12/../../../../include/c++/12/backward"
ignoring duplicate directory "/opt/rocm-7.2.1/lib/llvm/lib/clang/22/include"
ignoring duplicate directory "/usr/local/include"
ignoring duplicate directory "/usr/include/x86_64-linux-gnu"
ignoring duplicate directory "/usr/include"
ignoring duplicate directory "/usr/local/include"
ignoring duplicate directory "/opt/rocm-7.2.1/lib/llvm/lib/clang/22/include"
ignoring duplicate directory "/usr/include"
#include "..." search starts here:
#include <...> search starts here:
 /opt/rocm-7.2.1/lib/llvm/lib/clang/22/include/cuda_wrappers
 /usr/lib/gcc/x86_64-linux-gnu/12/../../../../include/c++/12
 /usr/lib/gcc/x86_64-linux-gnu/12/../../../../include/x86_64-linux-gnu/c++/12
 /usr/lib/gcc/x86_64-linux-gnu/12/../../../../include/c++/12/backward
 /opt/rocm-7.2.1/lib/llvm/lib/clang/22/include
 /usr/local/include
 /usr/include/x86_64-linux-gnu
 /usr/include
 /opt/rocm-7.2.1/lib/llvm/bin/../../../include
End of search list.
 "/opt/rocm-7.2.1/lib/llvm/bin/lld" -flavor gnu -m elf64_amdgpu --no-undefined -shared -plugin-opt=-amdgpu-internalize-symbols --lto-partitions=8 -plugin-opt=mcpu=gfx1100 -plugin-opt=O3 --lto-CGO3 --whole-archive -o /tmp/CMakeCXXCompilerABI-gfx1100-d15247.out /tmp/CMakeCXXCompilerABI-gfx1100-46ec5d.o --no-whole-archive
 "/opt/rocm-7.2.1/lib/llvm/bin/clang-offload-bundler" -type=o -bundle-align=4096 -targets=host-x86_64-unknown-linux-gnu,hipv4-amdgcn-amd-amdhsa--gfx1100 -input=/dev/null -input=/tmp/CMakeCXXCompilerABI-gfx1100-d15247.out -output=/tmp/CMakeCXXCompilerABI-104152.hipfb --verbose
 "/opt/rocm-7.2.1/lib/llvm/bin/clang-22" -cc1 -triple x86_64-unknown-linux-gnu -aux-triple amdgcn-amd-amdhsa -O3 -emit-obj -disable-free -clear-ast-before-backend -disable-llvm-verifier -discard-value-names -main-file-name CMakeCXXCompilerABI.cpp -mrelocation-model static -mframe-pointer=none -fmath-errno -fno-rounding-math -mconstructor-aliases -funwind-tables=2 -target-cpu x86-64 -tune-cpu generic -debugger-tuning=gdb -fdebug-compilation-dir=/home/onnode/gemm_journey/build/CMakeFiles/CMakeTmp -v -fcoverage-compilation-dir=/home/onnode/gemm_journey/build/CMakeFiles/CMakeTmp -resource-dir /opt/rocm-7.2.1/lib/llvm/lib/clang/22 -dependency-file CMakeFiles/cmTC_542e8.dir/CMakeCXXCompilerABI.cpp.o.d -MT CMakeFiles/cmTC_542e8.dir/CMakeCXXCompilerABI.cpp.o -sys-header-deps -internal-isystem /opt/rocm-7.2.1/lib/llvm/lib/clang/22/include/cuda_wrappers -idirafter /opt/rocm-7.2.1/lib/llvm/bin/../../../include -include __clang_hip_runtime_wrapper.h -internal-isystem /usr/lib/gcc/x86_64-linux-gnu/12/../../../../include/c++/12 -internal-isystem /usr/lib/gcc/x86_64-linux-gnu/12/../../../../include/x86_64-linux-gnu/c++/12 -internal-isystem /usr/lib/gcc/x86_64-linux-gnu/12/../../../../include/c++/12/backward -internal-isystem /usr/lib/gcc/x86_64-linux-gnu/12/../../../../include/c++/12 -internal-isystem /usr/lib/gcc/x86_64-linux-gnu/12/../../../../include/x86_64-linux-gnu/c++/12 -internal-isystem /usr/lib/gcc/x86_64-linux-gnu/12/../../../../include/c++/12/backward -internal-isystem /opt/rocm-7.2.1/lib/llvm/lib/clang/22/include -internal-isystem /usr/local/include -internal-isystem /usr/lib/gcc/x86_64-linux-gnu/12/../../../../x86_64-linux-gnu/include -internal-externc-isystem /usr/include/x86_64-linux-gnu -internal-externc-isystem /include -internal-externc-isystem /usr/include -internal-isystem /opt/rocm-7.2.1/lib/llvm/lib/clang/22/include -internal-isystem /usr/local/include -internal-isystem /usr/lib/gcc/x86_64-linux-gnu/12/../../../../x86_64-linux-gnu/include -internal-externc-isystem /usr/include/x86_64-linux-gnu -internal-externc-isystem /include -internal-externc-isystem /usr/include -fdeprecated-macro -ferror-limit 19 -fhip-new-launch-api -fgnuc-version=4.2.1 -fskip-odr-check-in-gmf -fcxx-exceptions -fexceptions -vectorize-loops -vectorize-slp -fcuda-include-gpubinary /tmp/CMakeCXXCompilerABI-104152.hipfb -cuid=813354c68dea0248 -fcuda-allow-variadic-functions -faddrsig -D__GCC_HAVE_DWARF2_CFI_ASM=1 -o CMakeFiles/cmTC_542e8.dir/CMakeCXXCompilerABI.cpp.o -x hip /usr/share/cmake-3.22/Modules/CMakeCXXCompilerABI.cpp
clang -cc1 version 22.0.0git based upon LLVM 22.0.0git default target x86_64-unknown-linux-gnu
ignoring nonexistent directory "/usr/lib/gcc/x86_64-linux-gnu/12/../../../../x86_64-linux-gnu/include"
ignoring nonexistent directory "/include"
ignoring nonexistent directory "/usr/lib/gcc/x86_64-linux-gnu/12/../../../../x86_64-linux-gnu/include"
ignoring nonexistent directory "/include"
ignoring duplicate directory "/usr/lib/gcc/x86_64-linux-gnu/12/../../../../include/c++/12"
ignoring duplicate directory "/usr/lib/gcc/x86_64-linux-gnu/12/../../../../include/x86_64-linux-gnu/c++/12"
ignoring duplicate directory "/usr/lib/gcc/x86_64-linux-gnu/12/../../../../include/c++/12/backward"
ignoring duplicate directory "/opt/rocm-7.2.1/lib/llvm/lib/clang/22/include"
ignoring duplicate directory "/usr/local/include"
ignoring duplicate directory "/usr/include/x86_64-linux-gnu"
ignoring duplicate directory "/usr/include"
#include "..." search starts here:
#include <...> search starts here:
 /opt/rocm-7.2.1/lib/llvm/lib/clang/22/include/cuda_wrappers
 /usr/lib/gcc/x86_64-linux-gnu/12/../../../../include/c++/12
 /usr/lib/gcc/x86_64-linux-gnu/12/../../../../include/x86_64-linux-gnu/c++/12
 /usr/lib/gcc/x86_64-linux-gnu/12/../../../../include/c++/12/backward
 /opt/rocm-7.2.1/lib/llvm/lib/clang/22/include
 /usr/local/include
 /usr/include/x86_64-linux-gnu
 /usr/include
 /opt/rocm-7.2.1/lib/llvm/bin/../../../include
End of search list.
Linking CXX executable cmTC_542e8
/usr/bin/cmake -E cmake_link_script CMakeFiles/cmTC_542e8.dir/link.txt --verbose=1
/opt/rocm/bin/hipcc  -v CMakeFiles/cmTC_542e8.dir/CMakeCXXCompilerABI.cpp.o -o cmTC_542e8 
AMD clang version 22.0.0git (https://github.com/RadeonOpenCompute/llvm-project roc-7.2.1 26084 f58b06dce1f9c15707c5f808fd002e18c2accf7e)
Target: x86_64-unknown-linux-gnu
Thread model: posix
InstalledDir: /opt/rocm-7.2.1/lib/llvm/bin
Configuration file: /opt/rocm-7.2.1/lib/llvm/bin/clang++.cfg
Found candidate GCC installation: /usr/lib/gcc/x86_64-linux-gnu/11
Found candidate GCC installation: /usr/lib/gcc/x86_64-linux-gnu/12
Selected GCC installation: /usr/lib/gcc/x86_64-linux-gnu/12
Candidate multilib: .;@m64
Selected multilib: .;@m64
Found HIP installation: /opt/rocm-7.2.1/lib/llvm/bin/../../.., version 7.2.53211
 "/opt/rocm-7.2.1/lib/llvm/bin/ld.lld" -z relro --hash-style=gnu --eh-frame-hdr -m elf_x86_64 -dynamic-linker /lib64/ld-linux-x86-64.so.2 -o cmTC_542e8 /lib/x86_64-linux-gnu/crt1.o /lib/x86_64-linux-gnu/crti.o /opt/rocm-7.2.1/lib/llvm/lib/clang/22/lib/linux/clang_rt.crtbegin-x86_64.o -L/opt/rocm-7.2.1/lib/llvm/lib/clang/22/lib/x86_64-unknown-linux-gnu -L/usr/lib/gcc/x86_64-linux-gnu/12 -L/usr/lib/gcc/x86_64-linux-gnu/12/../../../../lib64 -L/lib/x86_64-linux-gnu -L/lib/../lib64 -L/usr/lib/x86_64-linux-gnu -L/usr/lib64 -L/lib -L/usr/lib --enable-new-dtags CMakeFiles/cmTC_542e8.dir/CMakeCXXCompilerABI.cpp.o -L/opt/rocm-7.2.1/lib/llvm/bin/../../../lib -rpath /opt/rocm-7.2.1/lib -lamdhip64 -lstdc++ -lm /opt/rocm-7.2.1/lib/llvm/lib/clang/22/lib/linux/libclang_rt.builtins-x86_64.a -lgcc_s -lc /opt/rocm-7.2.1/lib/llvm/lib/clang/22/lib/linux/libclang_rt.builtins-x86_64.a -lgcc_s /opt/rocm-7.2.1/lib/llvm/lib/clang/22/lib/linux/clang_rt.crtend-x86_64.o /lib/x86_64-linux-gnu/crtn.o
gmake[1]: Leaving directory '/home/onnode/gemm_journey/build/CMakeFiles/CMakeTmp'



Parsed CXX implicit include dir info from above output: rv=done
  found start of include info
  found start of implicit include info
    add: [/opt/rocm-7.2.1/lib/llvm/lib/clang/22/include/cuda_wrappers]
    add: [/usr/lib/gcc/x86_64-linux-gnu/12/../../../../include/c++/12]
    add: [/usr/lib/gcc/x86_64-linux-gnu/12/../../../../include/x86_64-linux-gnu/c++/12]
    add: [/usr/lib/gcc/x86_64-linux-gnu/12/../../../../include/c++/12/backward]
    add: [/opt/rocm-7.2.1/lib/llvm/lib/clang/22/include]
    add: [/usr/local/include]
    add: [/usr/include/x86_64-linux-gnu]
    add: [/usr/include]
    add: [/opt/rocm-7.2.1/lib/llvm/bin/../../../include]
  end of search list found
  collapse include dir [/opt/rocm-7.2.1/lib/llvm/lib/clang/22/include/cuda_wrappers] ==> [/opt/rocm-7.2.1/lib/llvm/lib/clang/22/include/cuda_wrappers]
  collapse include dir [/usr/lib/gcc/x86_64-linux-gnu/12/../../../../include/c++/12] ==> [/usr/include/c++/12]
  collapse include dir [/usr/lib/gcc/x86_64-linux-gnu/12/../../../../include/x86_64-linux-gnu/c++/12] ==> [/usr/include/x86_64-linux-gnu/c++/12]
  collapse include dir [/usr/lib/gcc/x86_64-linux-gnu/12/../../../../include/c++/12/backward] ==> [/usr/include/c++/12/backward]
  collapse include dir [/opt/rocm-7.2.1/lib/llvm/lib/clang/22/include] ==> [/opt/rocm-7.2.1/lib/llvm/lib/clang/22/include]
  collapse include dir [/usr/local/include] ==> [/usr/local/include]
  collapse include dir [/usr/include/x86_64-linux-gnu] ==> [/usr/include/x86_64-linux-gnu]
  collapse include dir [/usr/include] ==> [/usr/include]
  collapse include dir [/opt/rocm-7.2.1/lib/llvm/bin/../../../include] ==> [/opt/rocm-7.2.1/include]
  implicit include dirs: [/opt/rocm-7.2.1/lib/llvm/lib/clang/22/include/cuda_wrappers;/usr/include/c++/12;/usr/include/x86_64-linux-gnu/c++/12;/usr/include/c++/12/backward;/opt/rocm-7.2.1/lib/llvm/lib/clang/22/include;/usr/local/include;/usr/include/x86_64-linux-gnu;/usr/include;/opt/rocm-7.2.1/include]


Parsed CXX implicit link information from above output:
  link line regex: [^( *|.*[/\])(ld|CMAKE_LINK_STARTFILE-NOTFOUND|([^/\]+-)?ld|collect2)[^/\]*( |$)]
  ignore line: [Change Dir: /home/onnode/gemm_journey/build/CMakeFiles/CMakeTmp]
  ignore line: []
  ignore line: [Run Build Command(s):/usr/bin/gmake -f Makefile cmTC_542e8/fast && /usr/bin/gmake  -f CMakeFiles/cmTC_542e8.dir/build.make CMakeFiles/cmTC_542e8.dir/build]
  ignore line: [gmake[1]: Entering directory '/home/onnode/gemm_journey/build/CMakeFiles/CMakeTmp']
  ignore line: [Building CXX object CMakeFiles/cmTC_542e8.dir/CMakeCXXCompilerABI.cpp.o]
  ignore line: [/opt/rocm/bin/hipcc   -v -MD -MT CMakeFiles/cmTC_542e8.dir/CMakeCXXCompilerABI.cpp.o -MF CMakeFiles/cmTC_542e8.dir/CMakeCXXCompilerABI.cpp.o.d -o CMakeFiles/cmTC_542e8.dir/CMakeCXXCompilerABI.cpp.o -c /usr/share/cmake-3.22/Modules/CMakeCXXCompilerABI.cpp]
  ignore line: [AMD clang version 22.0.0git (https://github.com/RadeonOpenCompute/llvm-project roc-7.2.1 26084 f58b06dce1f9c15707c5f808fd002e18c2accf7e)]
  ignore line: [Target: x86_64-unknown-linux-gnu]
  ignore line: [Thread model: posix]
  ignore line: [InstalledDir: /opt/rocm-7.2.1/lib/llvm/bin]
  ignore line: [Configuration file: /opt/rocm-7.2.1/lib/llvm/bin/clang++.cfg]
  ignore line: [Found candidate GCC installation: /usr/lib/gcc/x86_64-linux-gnu/11]
  ignore line: [Found candidate GCC installation: /usr/lib/gcc/x86_64-linux-gnu/12]
  ignore line: [Selected GCC installation: /usr/lib/gcc/x86_64-linux-gnu/12]
  ignore line: [Candidate multilib: .]
  ignore line: [@m64]
  ignore line: [Selected multilib: .]
  ignore line: [@m64]
  ignore line: [Found HIP installation: /opt/rocm-7.2.1/lib/llvm/bin/../../..  version 7.2.53211]
  ignore line: [ "/opt/rocm-7.2.1/lib/llvm/bin/clang-22" -cc1 -triple amdgcn-amd-amdhsa -aux-triple x86_64-unknown-linux-gnu -O3 -Werror=atomic-alignment -emit-obj -disable-free -clear-ast-before-backend -disable-llvm-verifier -discard-value-names -main-file-name CMakeCXXCompilerABI.cpp -mrelocation-model pic -pic-level 2 -fhalf-no-semantic-interposition -mframe-pointer=none -fno-rounding-math -mconstructor-aliases -aux-target-cpu x86-64 -fcuda-is-device -fno-threadsafe-statics -mllvm -amdgpu-internalize-symbols -fcuda-allow-variadic-functions -fvisibility=hidden -fapply-global-visibility-to-externs -mlink-builtin-bitcode /opt/rocm-7.2.1/lib/llvm/lib/clang/22/lib/amdgcn/bitcode/ocml.bc -mlink-builtin-bitcode /opt/rocm-7.2.1/lib/llvm/lib/clang/22/lib/amdgcn/bitcode/ockl.bc -mlink-builtin-bitcode /opt/rocm-7.2.1/lib/llvm/lib/clang/22/lib/amdgcn/bitcode/oclc_daz_opt_off.bc -mlink-builtin-bitcode /opt/rocm-7.2.1/lib/llvm/lib/clang/22/lib/amdgcn/bitcode/oclc_unsafe_math_off.bc -mlink-builtin-bitcode /opt/rocm-7.2.1/lib/llvm/lib/clang/22/lib/amdgcn/bitcode/oclc_finite_only_off.bc -mlink-builtin-bitcode /opt/rocm-7.2.1/lib/llvm/lib/clang/22/lib/amdgcn/bitcode/oclc_correctly_rounded_sqrt_on.bc -mlink-builtin-bitcode /opt/rocm-7.2.1/lib/llvm/lib/clang/22/lib/amdgcn/bitcode/oclc_wavefrontsize64_off.bc -mlink-builtin-bitcode /opt/rocm-7.2.1/lib/llvm/lib/clang/22/lib/amdgcn/bitcode/oclc_isa_version_1100.bc -mlink-builtin-bitcode /opt/rocm-7.2.1/lib/llvm/lib/clang/22/lib/amdgcn/bitcode/oclc_abi_version_600.bc -target-cpu gfx1100 -debugger-tuning=gdb -fdebug-compilation-dir=/home/onnode/gemm_journey/build/CMakeFiles/CMakeTmp -v -fcoverage-compilation-dir=/home/onnode/gemm_journey/build/CMakeFiles/CMakeTmp -resource-dir /opt/rocm-7.2.1/lib/llvm/lib/clang/22 -MT CMakeFiles/cmTC_542e8.dir/CMakeCXXCompilerABI.cpp.o -sys-header-deps -internal-isystem /opt/rocm-7.2.1/lib/llvm/lib/clang/22/include/cuda_wrappers -idirafter /opt/rocm-7.2.1/lib/llvm/bin/../../../include -include __clang_hip_runtime_wrapper.h -internal-isystem /usr/lib/gcc/x86_64-linux-gnu/12/../../../../include/c++/12 -internal-isystem /usr/lib/gcc/x86_64-linux-gnu/12/../../../../include/x86_64-linux-gnu/c++/12 -internal-isystem /usr/lib/gcc/x86_64-linux-gnu/12/../../../../include/c++/12/backward -internal-isystem /usr/lib/gcc/x86_64-linux-gnu/12/../../../../include/c++/12 -internal-isystem /usr/lib/gcc/x86_64-linux-gnu/12/../../../../include/x86_64-linux-gnu/c++/12 -internal-isystem /usr/lib/gcc/x86_64-linux-gnu/12/../../../../include/c++/12/backward -internal-isystem /opt/rocm-7.2.1/lib/llvm/lib/clang/22/include -internal-isystem /usr/local/include -internal-isystem /usr/lib/gcc/x86_64-linux-gnu/12/../../../../x86_64-linux-gnu/include -internal-externc-isystem /usr/include/x86_64-linux-gnu -internal-externc-isystem /include -internal-externc-isystem /usr/include -internal-isystem /opt/rocm-7.2.1/lib/llvm/lib/clang/22/include -internal-isystem /usr/local/include -internal-isystem /usr/lib/gcc/x86_64-linux-gnu/12/../../../../x86_64-linux-gnu/include -internal-externc-isystem /usr/include/x86_64-linux-gnu -internal-externc-isystem /include -internal-externc-isystem /usr/include -fdeprecated-macro -fno-autolink -ferror-limit 19 -fhip-new-launch-api -fgnuc-version=4.2.1 -fskip-odr-check-in-gmf -fcxx-exceptions -fexceptions -vectorize-loops -vectorize-slp -cuid=813354c68dea0248 -fcuda-allow-variadic-functions -faddrsig -D__GCC_HAVE_DWARF2_CFI_ASM=1 -o /tmp/CMakeCXXCompilerABI-gfx1100-46ec5d.o -x hip /usr/share/cmake-3.22/Modules/CMakeCXXCompilerABI.cpp]
  ignore line: [clang -cc1 version 22.0.0git based upon LLVM 22.0.0git default target x86_64-unknown-linux-gnu]
  ignore line: [ignoring nonexistent directory "/usr/lib/gcc/x86_64-linux-gnu/12/../../../../x86_64-linux-gnu/include"]
  ignore line: [ignoring nonexistent directory "/include"]
  ignore line: [ignoring nonexistent directory "/usr/lib/gcc/x86_64-linux-gnu/12/../../../../x86_64-linux-gnu/include"]
  ignore line: [ignoring nonexistent directory "/include"]
  ignore line: [ignoring duplicate directory "/usr/lib/gcc/x86_64-linux-gnu/12/../../../../include/c++/12"]
  ignore line: [ignoring duplicate directory "/usr/lib/gcc/x86_64-linux-gnu/12/../../../../include/x86_64-linux-gnu/c++/12"]
  ignore line: [ignoring duplicate directory "/usr/lib/gcc/x86_64-linux-gnu/12/../../../../include/c++/12/backward"]
  ignore line: [ignoring duplicate directory "/opt/rocm-7.2.1/lib/llvm/lib/clang/22/include"]
  ignore line: [ignoring duplicate directory "/usr/local/include"]
  ignore line: [ignoring duplicate directory "/usr/include/x86_64-linux-gnu"]
  ignore line: [ignoring duplicate directory "/usr/include"]
  ignore line: [ignoring duplicate directory "/usr/local/include"]
  ignore line: [ignoring duplicate directory "/opt/rocm-7.2.1/lib/llvm/lib/clang/22/include"]
  ignore line: [ignoring duplicate directory "/usr/include"]
  ignore line: [#include "..." search starts here:]
  ignore line: [#include <...> search starts here:]
  ignore line: [ /opt/rocm-7.2.1/lib/llvm/lib/clang/22/include/cuda_wrappers]
  ignore line: [ /usr/lib/gcc/x86_64-linux-gnu/12/../../../../include/c++/12]
  ignore line: [ /usr/lib/gcc/x86_64-linux-gnu/12/../../../../include/x86_64-linux-gnu/c++/12]
  ignore line: [ /usr/lib/gcc/x86_64-linux-gnu/12/../../../../include/c++/12/backward]
  ignore line: [ /opt/rocm-7.2.1/lib/llvm/lib/clang/22/include]
  ignore line: [ /usr/local/include]
  ignore line: [ /usr/include/x86_64-linux-gnu]
  ignore line: [ /usr/include]
  ignore line: [ /opt/rocm-7.2.1/lib/llvm/bin/../../../include]
  ignore line: [End of search list.]
  ignore line: [ "/opt/rocm-7.2.1/lib/llvm/bin/lld" -flavor gnu -m elf64_amdgpu --no-undefined -shared -plugin-opt=-amdgpu-internalize-symbols --lto-partitions=8 -plugin-opt=mcpu=gfx1100 -plugin-opt=O3 --lto-CGO3 --whole-archive -o /tmp/CMakeCXXCompilerABI-gfx1100-d15247.out /tmp/CMakeCXXCompilerABI-gfx1100-46ec5d.o --no-whole-archive]
  ignore line: [ "/opt/rocm-7.2.1/lib/llvm/bin/clang-offload-bundler" -type=o -bundle-align=4096 -targets=host-x86_64-unknown-linux-gnu hipv4-amdgcn-amd-amdhsa--gfx1100 -input=/dev/null -input=/tmp/CMakeCXXCompilerABI-gfx1100-d15247.out -output=/tmp/CMakeCXXCompilerABI-104152.hipfb --verbose]
  ignore line: [ "/opt/rocm-7.2.1/lib/llvm/bin/clang-22" -cc1 -triple x86_64-unknown-linux-gnu -aux-triple amdgcn-amd-amdhsa -O3 -emit-obj -disable-free -clear-ast-before-backend -disable-llvm-verifier -discard-value-names -main-file-name CMakeCXXCompilerABI.cpp -mrelocation-model static -mframe-pointer=none -fmath-errno -fno-rounding-math -mconstructor-aliases -funwind-tables=2 -target-cpu x86-64 -tune-cpu generic -debugger-tuning=gdb -fdebug-compilation-dir=/home/onnode/gemm_journey/build/CMakeFiles/CMakeTmp -v -fcoverage-compilation-dir=/home/onnode/gemm_journey/build/CMakeFiles/CMakeTmp -resource-dir /opt/rocm-7.2.1/lib/llvm/lib/clang/22 -dependency-file CMakeFiles/cmTC_542e8.dir/CMakeCXXCompilerABI.cpp.o.d -MT CMakeFiles/cmTC_542e8.dir/CMakeCXXCompilerABI.cpp.o -sys-header-deps -internal-isystem /opt/rocm-7.2.1/lib/llvm/lib/clang/22/include/cuda_wrappers -idirafter /opt/rocm-7.2.1/lib/llvm/bin/../../../include -include __clang_hip_runtime_wrapper.h -internal-isystem /usr/lib/gcc/x86_64-linux-gnu/12/../../../../include/c++/12 -internal-isystem /usr/lib/gcc/x86_64-linux-gnu/12/../../../../include/x86_64-linux-gnu/c++/12 -internal-isystem /usr/lib/gcc/x86_64-linux-gnu/12/../../../../include/c++/12/backward -internal-isystem /usr/lib/gcc/x86_64-linux-gnu/12/../../../../include/c++/12 -internal-isystem /usr/lib/gcc/x86_64-linux-gnu/12/../../../../include/x86_64-linux-gnu/c++/12 -internal-isystem /usr/lib/gcc/x86_64-linux-gnu/12/../../../../include/c++/12/backward -internal-isystem /opt/rocm-7.2.1/lib/llvm/lib/clang/22/include -internal-isystem /usr/local/include -internal-isystem /usr/lib/gcc/x86_64-linux-gnu/12/../../../../x86_64-linux-gnu/include -internal-externc-isystem /usr/include/x86_64-linux-gnu -internal-externc-isystem /include -internal-externc-isystem /usr/include -internal-isystem /opt/rocm-7.2.1/lib/llvm/lib/clang/22/include -internal-isystem /usr/local/include -internal-isystem /usr/lib/gcc/x86_64-linux-gnu/12/../../../../x86_64-linux-gnu/include -internal-externc-isystem /usr/include/x86_64-linux-gnu -internal-externc-isystem /include -internal-externc-isystem /usr/include -fdeprecated-macro -ferror-limit 19 -fhip-new-launch-api -fgnuc-version=4.2.1 -fskip-odr-check-in-gmf -fcxx-exceptions -fexceptions -vectorize-loops -vectorize-slp -fcuda-include-gpubinary /tmp/CMakeCXXCompilerABI-104152.hipfb -cuid=813354c68dea0248 -fcuda-allow-variadic-functions -faddrsig -D__GCC_HAVE_DWARF2_CFI_ASM=1 -o CMakeFiles/cmTC_542e8.dir/CMakeCXXCompilerABI.cpp.o -x hip /usr/share/cmake-3.22/Modules/CMakeCXXCompilerABI.cpp]
  ignore line: [clang -cc1 version 22.0.0git based upon LLVM 22.0.0git default target x86_64-unknown-linux-gnu]
  ignore line: [ignoring nonexistent directory "/usr/lib/gcc/x86_64-linux-gnu/12/../../../../x86_64-linux-gnu/include"]
  ignore line: [ignoring nonexistent directory "/include"]
  ignore line: [ignoring nonexistent directory "/usr/lib/gcc/x86_64-linux-gnu/12/../../../../x86_64-linux-gnu/include"]
  ignore line: [ignoring nonexistent directory "/include"]
  ignore line: [ignoring duplicate directory "/usr/lib/gcc/x86_64-linux-gnu/12/../../../../include/c++/12"]
  ignore line: [ignoring duplicate directory "/usr/lib/gcc/x86_64-linux-gnu/12/../../../../include/x86_64-linux-gnu/c++/12"]
  ignore line: [ignoring duplicate directory "/usr/lib/gcc/x86_64-linux-gnu/12/../../../../include/c++/12/backward"]
  ignore line: [ignoring duplicate directory "/opt/rocm-7.2.1/lib/llvm/lib/clang/22/include"]
  ignore line: [ignoring duplicate directory "/usr/local/include"]
  ignore line: [ignoring duplicate directory "/usr/include/x86_64-linux-gnu"]
  ignore line: [ignoring duplicate directory "/usr/include"]
  ignore line: [#include "..." search starts here:]
  ignore line: [#include <...> search starts here:]
  ignore line: [ /opt/rocm-7.2.1/lib/llvm/lib/clang/22/include/cuda_wrappers]
  ignore line: [ /usr/lib/gcc/x86_64-linux-gnu/12/../../../../include/c++/12]
  ignore line: [ /usr/lib/gcc/x86_64-linux-gnu/12/../../../../include/x86_64-linux-gnu/c++/12]
  ignore line: [ /usr/lib/gcc/x86_64-linux-gnu/12/../../../../include/c++/12/backward]
  ignore line: [ /opt/rocm-7.2.1/lib/llvm/lib/clang/22/include]
  ignore line: [ /usr/local/include]
  ignore line: [ /usr/include/x86_64-linux-gnu]
  ignore line: [ /usr/include]
  ignore line: [ /opt/rocm-7.2.1/lib/llvm/bin/../../../include]
  ignore line: [End of search list.]
  ignore line: [Linking CXX executable cmTC_542e8]
  ignore line: [/usr/bin/cmake -E cmake_link_script CMakeFiles/cmTC_542e8.dir/link.txt --verbose=1]
  ignore line: [/opt/rocm/bin/hipcc  -v CMakeFiles/cmTC_542e8.dir/CMakeCXXCompilerABI.cpp.o -o cmTC_542e8 ]
  ignore line: [AMD clang version 22.0.0git (https://github.com/RadeonOpenCompute/llvm-project roc-7.2.1 26084 f58b06dce1f9c15707c5f808fd002e18c2accf7e)]
  ignore line: [Target: x86_64-unknown-linux-gnu]
  ignore line: [Thread model: posix]
  ignore line: [InstalledDir: /opt/rocm-7.2.1/lib/llvm/bin]
  ignore line: [Configuration file: /opt/rocm-7.2.1/lib/llvm/bin/clang++.cfg]
  ignore line: [Found candidate GCC installation: /usr/lib/gcc/x86_64-linux-gnu/11]
  ignore line: [Found candidate GCC installation: /usr/lib/gcc/x86_64-linux-gnu/12]
  ignore line: [Selected GCC installation: /usr/lib/gcc/x86_64-linux-gnu/12]
  ignore line: [Candidate multilib: .]
  ignore line: [@m64]
  ignore line: [Selected multilib: .]
  ignore line: [@m64]
  ignore line: [Found HIP installation: /opt/rocm-7.2.1/lib/llvm/bin/../../..  version 7.2.53211]
  link line: [ "/opt/rocm-7.2.1/lib/llvm/bin/ld.lld" -z relro --hash-style=gnu --eh-frame-hdr -m elf_x86_64 -dynamic-linker /lib64/ld-linux-x86-64.so.2 -o cmTC_542e8 /lib/x86_64-linux-gnu/crt1.o /lib/x86_64-linux-gnu/crti.o /opt/rocm-7.2.1/lib/llvm/lib/clang/22/lib/linux/clang_rt.crtbegin-x86_64.o -L/opt/rocm-7.2.1/lib/llvm/lib/clang/22/lib/x86_64-unknown-linux-gnu -L/usr/lib/gcc/x86_64-linux-gnu/12 -L/usr/lib/gcc/x86_64-linux-gnu/12/../../../../lib64 -L/lib/x86_64-linux-gnu -L/lib/../lib64 -L/usr/lib/x86_64-linux-gnu -L/usr/lib64 -L/lib -L/usr/lib --enable-new-dtags CMakeFiles/cmTC_542e8.dir/CMakeCXXCompilerABI.cpp.o -L/opt/rocm-7.2.1/lib/llvm/bin/../../../lib -rpath /opt/rocm-7.2.1/lib -lamdhip64 -lstdc++ -lm /opt/rocm-7.2.1/lib/llvm/lib/clang/22/lib/linux/libclang_rt.builtins-x86_64.a -lgcc_s -lc /opt/rocm-7.2.1/lib/llvm/lib/clang/22/lib/linux/libclang_rt.builtins-x86_64.a -lgcc_s /opt/rocm-7.2.1/lib/llvm/lib/clang/22/lib/linux/clang_rt.crtend-x86_64.o /lib/x86_64-linux-gnu/crtn.o]
    arg [/opt/rocm-7.2.1/lib/llvm/bin/ld.lld] ==> ignore
    arg [-zrelro] ==> ignore
    arg [--hash-style=gnu] ==> ignore
    arg [--eh-frame-hdr] ==> ignore
    arg [-m] ==> ignore
    arg [elf_x86_64] ==> ignore
    arg [-dynamic-linker] ==> ignore
    arg [/lib64/ld-linux-x86-64.so.2] ==> ignore
    arg [-o] ==> ignore
    arg [cmTC_542e8] ==> ignore
    arg [/lib/x86_64-linux-gnu/crt1.o] ==> obj [/lib/x86_64-linux-gnu/crt1.o]
    arg [/lib/x86_64-linux-gnu/crti.o] ==> obj [/lib/x86_64-linux-gnu/crti.o]
    arg [/opt/rocm-7.2.1/lib/llvm/lib/clang/22/lib/linux/clang_rt.crtbegin-x86_64.o] ==> obj [/opt/rocm-7.2.1/lib/llvm/lib/clang/22/lib/linux/clang_rt.crtbegin-x86_64.o]
    arg [-L/opt/rocm-7.2.1/lib/llvm/lib/clang/22/lib/x86_64-unknown-linux-gnu] ==> dir [/opt/rocm-7.2.1/lib/llvm/lib/clang/22/lib/x86_64-unknown-linux-gnu]
    arg [-L/usr/lib/gcc/x86_64-linux-gnu/12] ==> dir [/usr/lib/gcc/x86_64-linux-gnu/12]
    arg [-L/usr/lib/gcc/x86_64-linux-gnu/12/../../../../lib64] ==> dir [/usr/lib/gcc/x86_64-linux-gnu/12/../../../../lib64]
    arg [-L/lib/x86_64-linux-gnu] ==> dir [/lib/x86_64-linux-gnu]
    arg [-L/lib/../lib64] ==> dir [/lib/../lib64]
    arg [-L/usr/lib/x86_64-linux-gnu] ==> dir [/usr/lib/x86_64-linux-gnu]
    arg [-L/usr/lib64] ==> dir [/usr/lib64]
    arg [-L/lib] ==> dir [/lib]
    arg [-L/usr/lib] ==> dir [/usr/lib]
    arg [--enable-new-dtags] ==> ignore
    arg [CMakeFiles/cmTC_542e8.dir/CMakeCXXCompilerABI.cpp.o] ==> ignore
    arg [-L/opt/rocm-7.2.1/lib/llvm/bin/../../../lib] ==> dir [/opt/rocm-7.2.1/lib/llvm/bin/../../../lib]
    arg [-rpath] ==> ignore
    arg [/opt/rocm-7.2.1/lib] ==> ignore
    arg [-lamdhip64] ==> lib [amdhip64]
    arg [-lstdc++] ==> lib [stdc++]
    arg [-lm] ==> lib [m]
    arg [/opt/rocm-7.2.1/lib/llvm/lib/clang/22/lib/linux/libclang_rt.builtins-x86_64.a] ==> lib [/opt/rocm-7.2.1/lib/llvm/lib/clang/22/lib/linux/libclang_rt.builtins-x86_64.a]
    arg [-lgcc_s] ==> lib [gcc_s]
    arg [-lc] ==> lib [c]
    arg [/opt/rocm-7.2.1/lib/llvm/lib/clang/22/lib/linux/libclang_rt.builtins-x86_64.a] ==> lib [/opt/rocm-7.2.1/lib/llvm/lib/clang/22/lib/linux/libclang_rt.builtins-x86_64.a]
    arg [-lgcc_s] ==> lib [gcc_s]
    arg [/opt/rocm-7.2.1/lib/llvm/lib/clang/22/lib/linux/clang_rt.crtend-x86_64.o] ==> obj [/opt/rocm-7.2.1/lib/llvm/lib/clang/22/lib/linux/clang_rt.crtend-x86_64.o]
    arg [/lib/x86_64-linux-gnu/crtn.o] ==> obj [/lib/x86_64-linux-gnu/crtn.o]
  remove lib [/opt/rocm-7.2.1/lib/llvm/lib/clang/22/lib/linux/libclang_rt.builtins-x86_64.a]
  remove lib [/opt/rocm-7.2.1/lib/llvm/lib/clang/22/lib/linux/libclang_rt.builtins-x86_64.a]
  collapse library dir [/opt/rocm-7.2.1/lib/llvm/lib/clang/22/lib/x86_64-unknown-linux-gnu] ==> [/opt/rocm-7.2.1/lib/llvm/lib/clang/22/lib/x86_64-unknown-linux-gnu]
  collapse library dir [/usr/lib/gcc/x86_64-linux-gnu/12] ==> [/usr/lib/gcc/x86_64-linux-gnu/12]
  collapse library dir [/usr/lib/gcc/x86_64-linux-gnu/12/../../../../lib64] ==> [/usr/lib64]
  collapse library dir [/lib/x86_64-linux-gnu] ==> [/lib/x86_64-linux-gnu]
  collapse library dir [/lib/../lib64] ==> [/lib64]
  collapse library dir [/usr/lib/x86_64-linux-gnu] ==> [/usr/lib/x86_64-linux-gnu]
  collapse library dir [/usr/lib64] ==> [/usr/lib64]
  collapse library dir [/lib] ==> [/lib]
  collapse library dir [/usr/lib] ==> [/usr/lib]
  collapse library dir [/opt/rocm-7.2.1/lib/llvm/bin/../../../lib] ==> [/opt/rocm-7.2.1/lib]
  implicit libs: [amdhip64;stdc++;m;gcc_s;c;gcc_s]
  implicit objs: [/lib/x86_64-linux-gnu/crt1.o;/lib/x86_64-linux-gnu/crti.o;/opt/rocm-7.2.1/lib/llvm/lib/clang/22/lib/linux/clang_rt.crtbegin-x86_64.o;/opt/rocm-7.2.1/lib/llvm/lib/clang/22/lib/linux/clang_rt.crtend-x86_64.o;/lib/x86_64-linux-gnu/crtn.o]
  implicit dirs: [/opt/rocm-7.2.1/lib/llvm/lib/clang/22/lib/x86_64-unknown-linux-gnu;/usr/lib/gcc/x86_64-linux-gnu/12;/usr/lib64;/lib/x86_64-linux-gnu;/lib64;/usr/lib/x86_64-linux-gnu;/lib;/usr/lib;/opt/rocm-7.2.1/lib]
  implicit fwks: []


Determining if the include file pthread.h exists passed with the following output:
Change Dir: /home/onnode/gemm_journey/build/CMakeFiles/CMakeTmp

Run Build Command(s):/usr/bin/gmake -f Makefile cmTC_d6aa6/fast && /usr/bin/gmake  -f CMakeFiles/cmTC_d6aa6.dir/build.make CMakeFiles/cmTC_d6aa6.dir/build
gmake[1]: Entering directory '/home/onnode/gemm_journey/build/CMakeFiles/CMakeTmp'
Building CXX object CMakeFiles/cmTC_d6aa6.dir/CheckIncludeFile.cxx.o
/opt/rocm/bin/hipcc    -MD -MT CMakeFiles/cmTC_d6aa6.dir/CheckIncludeFile.cxx.o -MF CMakeFiles/cmTC_d6aa6.dir/CheckIncludeFile.cxx.o.d -o CMakeFiles/cmTC_d6aa6.dir/CheckIncludeFile.cxx.o -c /home/onnode/gemm_journey/build/CMakeFiles/CMakeTmp/CheckIncludeFile.cxx
Linking CXX executable cmTC_d6aa6
/usr/bin/cmake -E cmake_link_script CMakeFiles/cmTC_d6aa6.dir/link.txt --verbose=1
/opt/rocm/bin/hipcc CMakeFiles/cmTC_d6aa6.dir/CheckIncludeFile.cxx.o -o cmTC_d6aa6 
gmake[1]: Leaving directory '/home/onnode/gemm_journey/build/CMakeFiles/CMakeTmp'



Performing C++ SOURCE FILE Test CMAKE_HAVE_LIBC_PTHREAD succeeded with the following output:
Change Dir: /home/onnode/gemm_journey/build/CMakeFiles/CMakeTmp

Run Build Command(s):/usr/bin/gmake -f Makefile cmTC_d0b86/fast && /usr/bin/gmake  -f CMakeFiles/cmTC_d0b86.dir/build.make CMakeFiles/cmTC_d0b86.dir/build
gmake[1]: Entering directory '/home/onnode/gemm_journey/build/CMakeFiles/CMakeTmp'
Building CXX object CMakeFiles/cmTC_d0b86.dir/src.cxx.o
/opt/rocm/bin/hipcc -DCMAKE_HAVE_LIBC_PTHREAD   -MD -MT CMakeFiles/cmTC_d0b86.dir/src.cxx.o -MF CMakeFiles/cmTC_d0b86.dir/src.cxx.o.d -o CMakeFiles/cmTC_d0b86.dir/src.cxx.o -c /home/onnode/gemm_journey/build/CMakeFiles/CMakeTmp/src.cxx
Linking CXX executable cmTC_d0b86
/usr/bin/cmake -E cmake_link_script CMakeFiles/cmTC_d0b86.dir/link.txt --verbose=1
/opt/rocm/bin/hipcc CMakeFiles/cmTC_d0b86.dir/src.cxx.o -o cmTC_d0b86 
gmake[1]: Leaving directory '/home/onnode/gemm_journey/build/CMakeFiles/CMakeTmp'


Source file was:
#include <pthread.h>

static void* test_func(void* data)
{
  return data;
}

int main(void)
{
  pthread_t thread;
  pthread_create(&thread, NULL, test_func, NULL);
  pthread_detach(thread);
  pthread_cancel(thread);
  pthread_join(thread, NULL);
  pthread_atfork(NULL, NULL, NULL);
  pthread_exit(NULL);

  return 0;
}

Performing C++ SOURCE FILE Test HIP_CLANG_SUPPORTS_PARALLEL_JOBS succeeded with the following output:
Change Dir: /home/onnode/gemm_journey/build/CMakeFiles/CMakeTmp

Run Build Command(s):/usr/bin/gmake -f Makefile cmTC_bc0b9/fast && /usr/bin/gmake  -f CMakeFiles/cmTC_bc0b9.dir/build.make CMakeFiles/cmTC_bc0b9.dir/build
gmake[1]: Entering directory '/home/onnode/gemm_journey/build/CMakeFiles/CMakeTmp'
Building CXX object CMakeFiles/cmTC_bc0b9.dir/src.cxx.o
/opt/rocm/bin/hipcc -DHIP_CLANG_SUPPORTS_PARALLEL_JOBS  -parallel-jobs=1 -MD -MT CMakeFiles/cmTC_bc0b9.dir/src.cxx.o -MF CMakeFiles/cmTC_bc0b9.dir/src.cxx.o.d -o CMakeFiles/cmTC_bc0b9.dir/src.cxx.o -c /home/onnode/gemm_journey/build/CMakeFiles/CMakeTmp/src.cxx
Linking CXX executable cmTC_bc0b9
/usr/bin/cmake -E cmake_link_script CMakeFiles/cmTC_bc0b9.dir/link.txt --verbose=1
/opt/rocm/bin/hipcc CMakeFiles/cmTC_bc0b9.dir/src.cxx.o -o cmTC_bc0b9 
gmake[1]: Leaving directory '/home/onnode/gemm_journey/build/CMakeFiles/CMakeTmp'


Source file was:
int main() { return 0; }
